<?xml version="1.0" encoding="UTF-8"?>
<!-- Generated by org.testng.reporters.JUnitReportReporter -->
<testsuite skipped="0" hostname="DESKTOP-TUH2G2T" name="exercises.HelloWorldTest" tests="1" failures="0" timestamp="27 dec 2017 11:04:54 GMT" time="0.017" errors="0">
  <testcase name="printText" time="0.017" classname="exercises.HelloWorldTest"/>
</testsuite> <!-- exercises.HelloWorldTest -->
